<?xml version="1.0" encoding="UTF-8"?>
<!-- Generated by org.testng.reporters.JUnitReportReporter -->
<testsuite hostname="DESKTOP-5AMIFTG" failures="0" tests="1" name="jpetstore_reg_PgFact.jpetStore_reg_PageFactory.AppTest" time="13.458" errors="0" timestamp="2024-02-06T22:23:31 EST" skipped="0">
  <testcase classname="jpetstore_reg_PgFact.jpetStore_reg_PageFactory.AppTest" name="application" time="13.458"/>
</testsuite> <!-- jpetstore_reg_PgFact.jpetStore_reg_PageFactory.AppTest -->
